<?xml version="1.0" encoding="UTF-8"?>
<!-- Generated by org.testng.reporters.JUnitReportReporter -->
<testsuite hostname="Ty_Nguyen" name="com.beecow.testcase.CreateProductScript" tests="27" failures="0" timestamp="14 May 2019 03:56:52 GMT" time="211.487" errors="0">
  <testcase name="TC_10" time="4.378" classname="com.beecow.testcase.CreateProductScript"/>
  <testcase name="TC_14" time="4.381" classname="com.beecow.testcase.CreateProductScript"/>
  <testcase name="TC_23" time="4.767" classname="com.beecow.testcase.CreateProductScript"/>
  <testcase name="TC_26" time="8.517" classname="com.beecow.testcase.CreateProductScript"/>
  <testcase name="TC_22" time="4.527" classname="com.beecow.testcase.CreateProductScript"/>
  <testcase name="TC_08" time="2.795" classname="com.beecow.testcase.CreateProductScript"/>
  <testcase name="TC_32" time="14.438" classname="com.beecow.testcase.CreateProductScript"/>
  <testcase name="TC_34" time="16.199" classname="com.beecow.testcase.CreateProductScript"/>
  <testcase name="TC_17" time="8.050" classname="com.beecow.testcase.CreateProductScript"/>
  <testcase name="TC_12" time="5.014" classname="com.beecow.testcase.CreateProductScript"/>
  <testcase name="TC_33" time="29.845" classname="com.beecow.testcase.CreateProductScript"/>
  <testcase name="TC_09" time="3.125" classname="com.beecow.testcase.CreateProductScript"/>
  <testcase name="TC_11" time="3.533" classname="com.beecow.testcase.CreateProductScript"/>
  <testcase name="TC_13" time="5.015" classname="com.beecow.testcase.CreateProductScript"/>
  <testcase name="TC_20" time="15.420" classname="com.beecow.testcase.CreateProductScript"/>
  <testcase name="TC_24" time="6.267" classname="com.beecow.testcase.CreateProductScript"/>
  <testcase name="TC_29" time="4.681" classname="com.beecow.testcase.CreateProductScript"/>
  <testcase name="TC_28" time="6.076" classname="com.beecow.testcase.CreateProductScript"/>
  <testcase name="TC_18" time="4.104" classname="com.beecow.testcase.CreateProductScript"/>
  <testcase name="TC_30" time="10.818" classname="com.beecow.testcase.CreateProductScript"/>
  <testcase name="TC_27" time="4.150" classname="com.beecow.testcase.CreateProductScript"/>
  <testcase name="TC_21" time="4.641" classname="com.beecow.testcase.CreateProductScript"/>
  <testcase name="TC_16" time="4.438" classname="com.beecow.testcase.CreateProductScript"/>
  <testcase name="TC_15" time="5.592" classname="com.beecow.testcase.CreateProductScript"/>
  <testcase name="TC_19" time="12.191" classname="com.beecow.testcase.CreateProductScript"/>
  <testcase name="TC_31" time="12.319" classname="com.beecow.testcase.CreateProductScript"/>
  <testcase name="TC_25" time="6.206" classname="com.beecow.testcase.CreateProductScript"/>
</testsuite> <!-- com.beecow.testcase.CreateProductScript -->
