<?xml version="1.0" encoding="UTF-8"?>
<!-- Generated by org.testng.reporters.JUnitReportReporter -->
<testsuite hostname="Ty_Nguyen" name="com.beecow.testcase.CreateProductScript" tests="13" failures="0" timestamp="13 May 2019 10:34:44 GMT" time="123.567" errors="0">
  <testcase name="TC_27" time="5.861" classname="com.beecow.testcase.CreateProductScript"/>
  <testcase name="TC_25" time="5.305" classname="com.beecow.testcase.CreateProductScript"/>
  <testcase name="TC_009" time="5.044" classname="com.beecow.testcase.CreateProductScript"/>
  <testcase name="TC_28" time="5.124" classname="com.beecow.testcase.CreateProductScript"/>
  <testcase name="TC_08" time="1.836" classname="com.beecow.testcase.CreateProductScript"/>
  <testcase name="TC_32" time="12.399" classname="com.beecow.testcase.CreateProductScript"/>
  <testcase name="TC_31" time="10.998" classname="com.beecow.testcase.CreateProductScript"/>
  <testcase name="TC_34" time="15.372" classname="com.beecow.testcase.CreateProductScript"/>
  <testcase name="TC_33" time="37.404" classname="com.beecow.testcase.CreateProductScript"/>
  <testcase name="TC_30" time="7.106" classname="com.beecow.testcase.CreateProductScript"/>
  <testcase name="TC_29" time="4.846" classname="com.beecow.testcase.CreateProductScript"/>
  <testcase name="TC_24" time="6.341" classname="com.beecow.testcase.CreateProductScript"/>
  <testcase name="TC_26" time="5.931" classname="com.beecow.testcase.CreateProductScript"/>
</testsuite> <!-- com.beecow.testcase.CreateProductScript -->
