<?xml version="1.0" encoding="UTF-8"?>
<!-- Generated by org.testng.reporters.JUnitReportReporter -->
<testsuite hostname="Ty_Nguyen" name="com.beecow.testcase.CreateProductScript" tests="1" failures="0" timestamp="7 May 2019 07:28:56 GMT" time="11.850" errors="0">
  <testcase name="TC_33" time="11.850" classname="com.beecow.testcase.CreateProductScript"/>
</testsuite> <!-- com.beecow.testcase.CreateProductScript -->
