<?xml version="1.0" encoding="UTF-8"?>
<!-- Generated by org.testng.reporters.JUnitReportReporter -->
<testsuite hostname="DESKTOP-P7R3D54" name="com.bankguru.testcase.EditCustomerScript" tests="14" failures="0" timestamp="18 Apr 2019 14:21:14 GMT" time="62.608" errors="0">
  <testcase name="TC_14" time="7.134" classname="com.bankguru.testcase.EditCustomerScript"/>
  <testcase name="TC_12" time="4.566" classname="com.bankguru.testcase.EditCustomerScript"/>
  <testcase name="TC_04" time="2.328" classname="com.bankguru.testcase.EditCustomerScript"/>
  <testcase name="TC_10" time="4.588" classname="com.bankguru.testcase.EditCustomerScript"/>
  <testcase name="TC_03" time="3.112" classname="com.bankguru.testcase.EditCustomerScript"/>
  <testcase name="TC_08" time="4.511" classname="com.bankguru.testcase.EditCustomerScript"/>
  <testcase name="TC_01" time="1.455" classname="com.bankguru.testcase.EditCustomerScript"/>
  <testcase name="TC_11" time="4.976" classname="com.bankguru.testcase.EditCustomerScript"/>
  <testcase name="TC_05" time="3.418" classname="com.bankguru.testcase.EditCustomerScript"/>
  <testcase name="TC_09" time="6.974" classname="com.bankguru.testcase.EditCustomerScript"/>
  <testcase name="TC_18" time="6.483" classname="com.bankguru.testcase.EditCustomerScript"/>
  <testcase name="TC_20" time="5.606" classname="com.bankguru.testcase.EditCustomerScript"/>
  <testcase name="TC_02" time="1.259" classname="com.bankguru.testcase.EditCustomerScript"/>
  <testcase name="TC_16" time="6.198" classname="com.bankguru.testcase.EditCustomerScript"/>
</testsuite> <!-- com.bankguru.testcase.EditCustomerScript -->
