<?xml version="1.0" encoding="UTF-8"?>
<!-- Generated by org.testng.reporters.JUnitReportReporter -->
<testsuite hostname="Ty_Nguyen" name="com.beecow.testcase.CreateProductScript" tests="1" failures="0" timestamp="9 May 2019 09:49:09 GMT" time="16.176" errors="0">
  <testcase name="TC_33" time="16.176" classname="com.beecow.testcase.CreateProductScript"/>
</testsuite> <!-- com.beecow.testcase.CreateProductScript -->
