<?xml version="1.0" encoding="UTF-8"?>
<!-- Generated by org.testng.reporters.JUnitReportReporter -->
<testsuite hostname="DESKTOP-P7R3D54" name="com.bankguru.testcase.NewCustomerScript" tests="12" failures="0" timestamp="18 Apr 2019 14:21:14 GMT" time="35.045" errors="0">
  <testcase name="TC_08" time="1.105" classname="com.bankguru.testcase.NewCustomerScript"/>
  <testcase name="TC_30" time="8.476" classname="com.bankguru.testcase.NewCustomerScript"/>
  <testcase name="TC_01" time="1.474" classname="com.bankguru.testcase.NewCustomerScript"/>
  <testcase name="TC_10" time="2.963" classname="com.bankguru.testcase.NewCustomerScript"/>
  <testcase name="TC_04" time="3.102" classname="com.bankguru.testcase.NewCustomerScript"/>
  <testcase name="TC_12" time="2.896" classname="com.bankguru.testcase.NewCustomerScript"/>
  <testcase name="TC_11" time="3.290" classname="com.bankguru.testcase.NewCustomerScript"/>
  <testcase name="TC_03" time="2.074" classname="com.bankguru.testcase.NewCustomerScript"/>
  <testcase name="TC_05" time="2.115" classname="com.bankguru.testcase.NewCustomerScript"/>
  <testcase name="TC_09" time="3.173" classname="com.bankguru.testcase.NewCustomerScript"/>
  <testcase name="TC_06" time="3.006" classname="com.bankguru.testcase.NewCustomerScript"/>
  <testcase name="TC_29" time="1.371" classname="com.bankguru.testcase.NewCustomerScript"/>
</testsuite> <!-- com.bankguru.testcase.NewCustomerScript -->
